--------------------------------------
Wed Oct 03 16:10:33 BRT 2001
Documento [1002135543790], deletado por: Rodrigo de Barros Paes
--------------------------------------
--------------------------------------
Classe: br.ufal.graw.web.user.DeleteDocumentWed Oct 03 16:10:33 BRT 2001
Documento: 1002135543790 removido. Responsável: 1001941776800
--------------------------------------
--------------------------------------
Wed Oct 03 16:12:31 BRT 2001
Documento [1002136347130], deletado por: Rodrigo de Barros Paes
--------------------------------------
--------------------------------------
Classe: br.ufal.graw.web.user.DeleteDocumentWed Oct 03 16:12:31 BRT 2001
Documento: 1002136347130 removido. Responsável: 1001941776800
--------------------------------------
--------------------------------------
Classe: br.ufal.graw.web.user.CreateNewDocument. Thu Oct 04 11:58:32 BRT 2001
Documento [eeeeeeeee], curso: [12345], criado pelo usuário: 1001941776800
--------------------------------------
--------------------------------------
Thu Oct 04 11:58:47 BRT 2001
Documento [eeeeeeeee], curso: [12345], editado por: Rodrigo de Barros Paes
--------------------------------------
--------------------------------------
Classe: br.ufal.graw.web.user.CreateNewDocument. Thu Oct 04 11:59:13 BRT 2001
Documento [outra coisa], curso: [12345], criado pelo usuário: 1001941776800
--------------------------------------
--------------------------------------
Classe: br.ufal.graw.web.user.CreateNewDocument. Thu Oct 04 12:00:17 BRT 2001
Documento [rrrrrrrrrrrr], curso: [12345], criado pelo usuário: 1001941776800
--------------------------------------
--------------------------------------
Classe: br.ufal.graw.web.user.SignOutGroup. Thu Oct 04 13:42:57 BRT 2001
SignOutGroup usuário responsável: Saci Perere Excluindo: Saci Perere
--------------------------------------
--------------------------------------
Classe: br.ufal.graw.web.user.CreateNewGroup. Fri Oct 05 13:03:59 BRT 2001
Grupo: Provão criado. Responsável: 1
--------------------------------------
--------------------------------------
Classe: br.ufal.graw.web.user.InviteUserToGroup. Fri Oct 05 13:12:44 BRT 2001
Usuários convidados para o grupo: 1002136721550 Responsável: 1002135649740
--------------------------------------
--------------------------------------
Classe: br.ufal.graw.web.user.ConfirmInvitation. Fri Oct 05 13:14:14 BRT 2001
Convite Confirmado. ID do convite: 1002298362730
--------------------------------------
--------------------------------------
Classe: br.ufal.graw.web.user.SignOutGroup. Fri Oct 05 13:15:04 BRT 2001
SignOutGroup usuário responsável: Rodrigo de Barros Paes Excluindo: Rodrigo de Barros Paes
--------------------------------------
--------------------------------------
Classe: br.ufal.graw.web.user.InviteUserToGroup. Fri Oct 05 13:15:43 BRT 2001
Usuários convidados para o grupo: 1002136721550 Responsável: 1002135649740
--------------------------------------
--------------------------------------
Classe: br.ufal.graw.web.user.ConfirmInvitation. Fri Oct 05 13:15:54 BRT 2001
Convite Confirmado. ID do convite: 1002298543380
--------------------------------------
--------------------------------------
Classe: br.ufal.graw.web.user.ElectMonitor. Fri Oct 05 14:00:41 BRT 2001
Estudante: 1001941776800 eleito monitor. Responsável: 1
--------------------------------------
--------------------------------------
Classe: br.ufal.graw.web.user.CreateNewCourse. Wed Nov 07 16:02:57 BRST 2001
Curso: Arquitetura de Computadores criado. Responsável: 1
--------------------------------------
--------------------------------------
Classe: br.ufal.graw.web.user.CreateNewCourse. Wed Nov 07 16:27:18 BRST 2001
Curso: Arquitetura de Computadores criado. Responsável: 1
--------------------------------------
--------------------------------------
Classe: br.ufal.graw.web.user.CreateNewCourse. Wed Nov 07 16:37:26 BRST 2001
Curso: Arquitetura de Computadores criado. Responsável: 1
--------------------------------------
--------------------------------------
Classe: br.ufal.graw.web.user.CreateNewCourse. Wed Nov 07 17:15:51 BRST 2001
Curso: Arquitetura de Computadores criado. Responsável: 1
--------------------------------------
--------------------------------------
Classe: br.ufal.graw.web.user.CreateNewCourse. Wed Nov 07 17:49:45 BRST 2001
Curso: Arquitetura de Computadores criado. Responsável: 1
--------------------------------------
--------------------------------------
Classe: br.ufal.graw.web.user.CreateNewCourse. Wed Nov 07 17:56:26 BRST 2001
Curso: BioComputação criado. Responsável: 1
--------------------------------------
--------------------------------------
Classe: br.ufal.graw.web.user.CreateNewCourse. Wed Nov 07 18:08:48 BRST 2001
Curso: Salmonelas criado. Responsável: 1
--------------------------------------
--------------------------------------
Classe: br.ufal.graw.web.user.CreateNewLink. Sat Nov 10 14:00:01 BRST 2001
Link: 1005408001770 criado. Responsável: 1
--------------------------------------
--------------------------------------
Classe: br.ufal.graw.web.user.CreateNewGroup. Wed Nov 14 15:10:08 BRST 2001
Grupo: Os salmonelos trapalhoes criado. Responsável: 1
--------------------------------------
--------------------------------------
Classe: br.ufal.graw.web.user.CreateNewGroup. Wed Nov 14 15:12:19 BRST 2001
Grupo: asas criado. Responsável: 1
--------------------------------------
--------------------------------------
Classe: br.ufal.graw.web.user.CreateNewGroup. Wed Nov 14 15:17:25 BRST 2001
Grupo: xz\xz\x criado. Responsável: 1
--------------------------------------
--------------------------------------
Classe: br.ufal.graw.web.user.CreateNewGroup. Wed Nov 14 15:18:21 BRST 2001
Grupo: dasdas criado. Responsável: 1
--------------------------------------
--------------------------------------
Classe: br.ufal.graw.web.user.CreateNewGroup. Wed Nov 14 15:20:11 BRST 2001
Grupo: xzzxz criado. Responsável: 1
--------------------------------------
--------------------------------------
Classe: br.ufal.graw.web.user.SignOutGroup. Wed Nov 14 15:32:16 BRST 2001
SignOutGroup usuário responsável: Saci Perere Excluindo: Saci Perere
--------------------------------------
--------------------------------------
Classe: br.ufal.graw.web.user.SignOutGroup. Wed Nov 14 15:32:26 BRST 2001
SignOutGroup usuário responsável: Saci Perere Excluindo: Saci Perere
--------------------------------------
--------------------------------------
Classe: br.ufal.graw.web.user.SignOutGroup. Wed Nov 14 15:33:19 BRST 2001
SignOutGroup usuário responsável: Saci Perere Excluindo: Saci Perere
--------------------------------------
--------------------------------------
Classe: br.ufal.graw.web.user.SignOutGroup. Wed Nov 14 15:34:01 BRST 2001
SignOutGroup usuário responsável: Saci Perere Excluindo: Saci Perere
--------------------------------------
--------------------------------------
Classe: br.ufal.graw.web.user.DeleteLink. Thu Nov 01 15:34:56 GMT-03:00 2001
Link: 1001946797760 removido. Responsável: 1
--------------------------------------
--------------------------------------
Sat Nov 24 11:06:46 BRST 2001
Documento [Apostila sobre RSA], curso: [12345], editado por: Saci Perere
--------------------------------------
--------------------------------------
Sat Nov 24 11:07:47 BRST 2001
Documento [Notas de Aula], curso: [12345], editado por: Saci Perere
--------------------------------------
--------------------------------------
Classe: br.ufal.graw.web.user.DeleteLink. Sat Nov 24 11:09:18 BRST 2001
Link: 1001946808360 removido. Responsável: 1
--------------------------------------
--------------------------------------
Classe: br.ufal.graw.web.user.DeleteLink. Sat Nov 24 11:09:22 BRST 2001
Link: 1001946818030 removido. Responsável: 1
--------------------------------------
--------------------------------------
Classe: br.ufal.graw.web.user.DeleteLink. Sat Nov 24 11:09:25 BRST 2001
Link: 1001946830500 removido. Responsável: 1
--------------------------------------
--------------------------------------
Classe: br.ufal.graw.web.user.DeleteLink. Sat Nov 24 11:09:29 BRST 2001
Link: 1001946846590 removido. Responsável: 1
--------------------------------------
--------------------------------------
Classe: br.ufal.graw.web.user.EditLink. Sat Nov 24 11:10:13 BRST 2001
Link: 1001946857690 editado. Responsável: 1
--------------------------------------
--------------------------------------
Classe: br.ufal.graw.web.user.DeleteLink. Sat Nov 24 11:10:31 BRST 2001
Link: 1001946874440 removido. Responsável: 1
--------------------------------------
--------------------------------------
Classe: br.ufal.graw.web.user.EditLink. Sat Nov 24 11:11:57 BRST 2001
Link: 1001946883560 editado. Responsável: 1
--------------------------------------
--------------------------------------
Classe: br.ufal.graw.web.user.DeleteLink. Sat Nov 24 11:12:15 BRST 2001
Link: 1001946727400 removido. Responsável: 1
--------------------------------------
--------------------------------------
Classe: br.ufal.graw.web.user.CreateNewLink. Sun Feb 17 16:03:23 BRT 2002
Link: 1013972603580 criado. Responsável: 1005249617900
--------------------------------------
--------------------------------------
Classe: br.ufal.graw.web.user.EditLink. Sun Feb 17 16:10:01 BRT 2002
Link: 1013972603580 editado. Responsável: 1005249617900
--------------------------------------
--------------------------------------
Classe: br.ufal.graw.web.user.DeleteLink. Sun Feb 17 16:10:41 BRT 2002
Link: 1013972603580 removido. Responsável: 1005249617900
--------------------------------------
--------------------------------------
Classe: br.ufal.graw.web.user.CreateNewDocument. Sun Feb 17 17:36:41 BRT 2002
Documento [Pendencias do graW], curso: [1004739136560], criado pelo usuário: 1005249617900
--------------------------------------
--------------------------------------
Sun Feb 17 17:36:59 BRT 2002
Documento [1013978201370], deletado por: Adrews Tanembaum
--------------------------------------
--------------------------------------
Classe: br.ufal.graw.web.user.DeleteDocument. Sun Feb 17 17:36:59 BRT 2002
Documento: 1013978201370 removido. Responsável: 1005249617900
--------------------------------------
--------------------------------------
Classe: br.ufal.graw.web.user.CreateNewDocument. Sun Feb 17 17:37:15 BRT 2002
Documento [Pendencias do graW], curso: [1004739136560], criado pelo usuário: 1005249617900
--------------------------------------
--------------------------------------
Sun Feb 17 17:37:25 BRT 2002
Documento [Pendencias do graW], curso: [1004739136560], editado por: Adrews Tanembaum
--------------------------------------
--------------------------------------
Classe: br.ufal.graw.web.user.CreateNewDocument. Mon Feb 18 19:24:53 BRT 2002
Documento [Pendencias do graW], curso: [1004739136560], criado pelo usuário: 1005249617900
--------------------------------------
--------------------------------------
Classe: br.ufal.graw.web.user.CreateNewDocument. Mon Feb 18 19:29:21 BRT 2002
Documento [Pendencias do graW], curso: [1004739136560], criado pelo usuário: 1005249617900
--------------------------------------
--------------------------------------
Classe: br.ufal.graw.web.user.ElectMonitor. Sat Feb 23 18:17:51 BRT 2002
Estudante: 1004723326810 eleito monitor. Responsável: 1005249617900
--------------------------------------
--------------------------------------
Classe: br.ufal.graw.web.user.ElectMonitor. Sat Feb 23 18:21:59 BRT 2002
Estudante: 1014067171440 eleito monitor. Responsável: 1005249617900
--------------------------------------
--------------------------------------
Classe: br.ufal.graw.web.user.ElectMonitor. Mon Feb 25 16:45:55 BRT 2002
Estudante: 1004723326810 eleito monitor. Responsável: 1005249617900
--------------------------------------
--------------------------------------
Classe: br.ufal.graw.web.user.ElectMonitor. Mon Feb 25 16:46:47 BRT 2002
Estudante: 1014067171440 eleito monitor. Responsável: 1005249617900
--------------------------------------
--------------------------------------
Classe: br.ufal.graw.web.user.ElectMonitor. Tue Feb 26 12:03:21 BRT 2002
Estudante: 1014067171440 eleito monitor. Responsável: 1005249617900
--------------------------------------
--------------------------------------
Classe: br.ufal.graw.web.user.ElectMonitor. Tue Feb 26 12:03:27 BRT 2002
Estudante: 1014067171440 eleito monitor. Responsável: 1005249617900
--------------------------------------
--------------------------------------
Classe: br.ufal.graw.web.user.ElectMonitor. Tue Feb 26 20:07:16 BRT 2002
Estudante: 1004723326810 eleito monitor. Responsável: 1005249617900
--------------------------------------
--------------------------------------
Classe: br.ufal.graw.web.user.ElectMonitor. Tue Feb 26 20:07:22 BRT 2002
Estudante: 1014067171440 eleito monitor. Responsável: 1005249617900
--------------------------------------
--------------------------------------
Classe: br.ufal.graw.web.user.ElectMonitor. Tue Feb 26 20:27:09 BRT 2002
Estudante: 1014067171440 eleito monitor. Responsável: 1005249617900
--------------------------------------
--------------------------------------
Classe: br.ufal.graw.web.user.ElectMonitor. Tue Feb 26 20:29:10 BRT 2002
Estudante: 1014067171440 eleito monitor. Responsável: 1005249617900
--------------------------------------
--------------------------------------
Classe: br.ufal.graw.web.user.CreateNewDocument. Tue Mar 26 14:35:01 BRT 2002
Documento [wwwwww], curso: [null], criado pelo usuário: 1017149019850
--------------------------------------
--------------------------------------
Classe: br.ufal.graw.web.user.EditLink. Tue Mar 26 15:44:50 BRT 2002
Link: 1017168261240 editado. Responsável: 1015438291312
--------------------------------------
--------------------------------------
Tue Mar 26 17:46:18 BRT 2002
Documento [eeeeee], curso: [1015439199628], editado por: Evandro de Barros Costa
--------------------------------------
--------------------------------------
Tue Mar 26 17:46:33 BRT 2002
Documento [1017175560510], deletado por: Evandro de Barros Costa
--------------------------------------
--------------------------------------
Tue Mar 26 18:18:42 BRT 2002
Documento [1017177508550], deletado por: Evandro de Barros Costa
--------------------------------------
--------------------------------------
Wed Mar 27 18:05:26 BRT 2002
Documento [1017263120760], deletado por: Evandro de Barros Costa
--------------------------------------
