2004-08-03 13:58:54 The session is br.ufpe.cin.stp.maps.model.session.Pool@44f787
java.lang.Exception: The session is br.ufpe.cin.stp.maps.model.session.Pool@44f787
	at br.ufpe.cin.stp.maps.view.web.CurrentSessionServlet.doGet(CurrentSessionServlet.java:63)
	at javax.servlet.http.HttpServlet.service(HttpServlet.java:689)
	at javax.servlet.http.HttpServlet.service(HttpServlet.java:802)
	at org.apache.catalina.core.ApplicationFilterChain.internalDoFilter(ApplicationFilterChain.java:237)
	at org.apache.catalina.core.ApplicationFilterChain.doFilter(ApplicationFilterChain.java:157)
	at org.apache.catalina.core.StandardWrapperValve.invoke(StandardWrapperValve.java:214)
	at org.apache.catalina.core.StandardValveContext.invokeNext(StandardValveContext.java:104)
	at org.apache.catalina.core.StandardPipeline.invoke(StandardPipeline.java:520)
	at org.apache.catalina.core.StandardContextValve.invokeInternal(StandardContextValve.java:198)
	at org.apache.catalina.core.StandardContextValve.invoke(StandardContextValve.java:144)
	at org.apache.catalina.core.StandardValveContext.invokeNext(StandardValveContext.java:104)
	at org.apache.catalina.core.StandardPipeline.invoke(StandardPipeline.java:520)
	at org.apache.catalina.core.StandardHostValve.invoke(StandardHostValve.java:137)
	at org.apache.catalina.core.StandardValveContext.invokeNext(StandardValveContext.java:104)
	at org.apache.catalina.valves.ErrorReportValve.invoke(ErrorReportValve.java:117)
	at org.apache.catalina.core.StandardValveContext.invokeNext(StandardValveContext.java:102)
	at org.apache.catalina.core.StandardPipeline.invoke(StandardPipeline.java:520)
	at org.apache.catalina.core.StandardEngineValve.invoke(StandardEngineValve.java:109)
	at org.apache.catalina.core.StandardValveContext.invokeNext(StandardValveContext.java:104)
	at org.apache.catalina.core.StandardPipeline.invoke(StandardPipeline.java:520)
	at org.apache.catalina.core.ContainerBase.invoke(ContainerBase.java:929)
	at org.apache.coyote.tomcat5.CoyoteAdapter.service(CoyoteAdapter.java:160)
	at org.apache.coyote.http11.Http11Processor.process(Http11Processor.java:799)
	at org.apache.coyote.http11.Http11Protocol$Http11ConnectionHandler.processConnection(Http11Protocol.java:705)
	at org.apache.tomcat.util.net.TcpWorkerThread.runIt(PoolTcpEndpoint.java:577)
	at org.apache.tomcat.util.threads.ThreadPool$ControlRunnable.run(ThreadPool.java:683)
	at java.lang.Thread.run(Thread.java:534)

2004-08-03 13:58:55 The session is br.ufpe.cin.stp.maps.model.session.Pool@44f787
java.lang.Exception: The session is br.ufpe.cin.stp.maps.model.session.Pool@44f787
	at br.ufpe.cin.stp.maps.view.web.CurrentSessionServlet.doGet(CurrentSessionServlet.java:63)
	at javax.servlet.http.HttpServlet.service(HttpServlet.java:689)
	at javax.servlet.http.HttpServlet.service(HttpServlet.java:802)
	at org.apache.catalina.core.ApplicationFilterChain.internalDoFilter(ApplicationFilterChain.java:237)
	at org.apache.catalina.core.ApplicationFilterChain.doFilter(ApplicationFilterChain.java:157)
	at org.apache.catalina.core.StandardWrapperValve.invoke(StandardWrapperValve.java:214)
	at org.apache.catalina.core.StandardValveContext.invokeNext(StandardValveContext.java:104)
	at org.apache.catalina.core.StandardPipeline.invoke(StandardPipeline.java:520)
	at org.apache.catalina.core.StandardContextValve.invokeInternal(StandardContextValve.java:198)
	at org.apache.catalina.core.StandardContextValve.invoke(StandardContextValve.java:144)
	at org.apache.catalina.core.StandardValveContext.invokeNext(StandardValveContext.java:104)
	at org.apache.catalina.core.StandardPipeline.invoke(StandardPipeline.java:520)
	at org.apache.catalina.core.StandardHostValve.invoke(StandardHostValve.java:137)
	at org.apache.catalina.core.StandardValveContext.invokeNext(StandardValveContext.java:104)
	at org.apache.catalina.valves.ErrorReportValve.invoke(ErrorReportValve.java:117)
	at org.apache.catalina.core.StandardValveContext.invokeNext(StandardValveContext.java:102)
	at org.apache.catalina.core.StandardPipeline.invoke(StandardPipeline.java:520)
	at org.apache.catalina.core.StandardEngineValve.invoke(StandardEngineValve.java:109)
	at org.apache.catalina.core.StandardValveContext.invokeNext(StandardValveContext.java:104)
	at org.apache.catalina.core.StandardPipeline.invoke(StandardPipeline.java:520)
	at org.apache.catalina.core.ContainerBase.invoke(ContainerBase.java:929)
	at org.apache.coyote.tomcat5.CoyoteAdapter.service(CoyoteAdapter.java:160)
	at org.apache.coyote.http11.Http11Processor.process(Http11Processor.java:799)
	at org.apache.coyote.http11.Http11Protocol$Http11ConnectionHandler.processConnection(Http11Protocol.java:705)
	at org.apache.tomcat.util.net.TcpWorkerThread.runIt(PoolTcpEndpoint.java:577)
	at org.apache.tomcat.util.threads.ThreadPool$ControlRunnable.run(ThreadPool.java:683)
	at java.lang.Thread.run(Thread.java:534)

2004-08-03 14:00:29 The session is null
java.lang.Exception: The client is Mozilla/4.0 (compatible; MSIE 6.0; Windows NT 5.1; .NET CLR 1.1.4322)
	at br.ufpe.cin.stp.maps.view.web.CurrentSessionServlet.doGet(CurrentSessionServlet.java:63)
	at javax.servlet.http.HttpServlet.service(HttpServlet.java:689)
	at javax.servlet.http.HttpServlet.service(HttpServlet.java:802)
	at org.apache.catalina.core.ApplicationFilterChain.internalDoFilter(ApplicationFilterChain.java:237)
	at org.apache.catalina.core.ApplicationFilterChain.doFilter(ApplicationFilterChain.java:157)
	at org.apache.catalina.core.StandardWrapperValve.invoke(StandardWrapperValve.java:214)
	at org.apache.catalina.core.StandardValveContext.invokeNext(StandardValveContext.java:104)
	at org.apache.catalina.core.StandardPipeline.invoke(StandardPipeline.java:520)
	at org.apache.catalina.core.StandardContextValve.invokeInternal(StandardContextValve.java:198)
	at org.apache.catalina.core.StandardContextValve.invoke(StandardContextValve.java:144)
	at org.apache.catalina.core.StandardValveContext.invokeNext(StandardValveContext.java:104)
	at org.apache.catalina.core.StandardPipeline.invoke(StandardPipeline.java:520)
	at org.apache.catalina.core.StandardHostValve.invoke(StandardHostValve.java:137)
	at org.apache.catalina.core.StandardValveContext.invokeNext(StandardValveContext.java:104)
	at org.apache.catalina.valves.ErrorReportValve.invoke(ErrorReportValve.java:117)
	at org.apache.catalina.core.StandardValveContext.invokeNext(StandardValveContext.java:102)
	at org.apache.catalina.core.StandardPipeline.invoke(StandardPipeline.java:520)
	at org.apache.catalina.core.StandardEngineValve.invoke(StandardEngineValve.java:109)
	at org.apache.catalina.core.StandardValveContext.invokeNext(StandardValveContext.java:104)
	at org.apache.catalina.core.StandardPipeline.invoke(StandardPipeline.java:520)
	at org.apache.catalina.core.ContainerBase.invoke(ContainerBase.java:929)
	at org.apache.coyote.tomcat5.CoyoteAdapter.service(CoyoteAdapter.java:160)
	at org.apache.coyote.http11.Http11Processor.process(Http11Processor.java:799)
	at org.apache.coyote.http11.Http11Protocol$Http11ConnectionHandler.processConnection(Http11Protocol.java:705)
	at org.apache.tomcat.util.net.TcpWorkerThread.runIt(PoolTcpEndpoint.java:577)
	at org.apache.tomcat.util.threads.ThreadPool$ControlRunnable.run(ThreadPool.java:683)
	at java.lang.Thread.run(Thread.java:534)

2004-08-03 14:00:31 The session is br.ufpe.cin.stp.maps.model.session.Pool@1fa681c
java.lang.Exception: The client is Mozilla/4.0 (compatible; MSIE 6.0; Windows NT 5.1; .NET CLR 1.1.4322)
	at br.ufpe.cin.stp.maps.view.web.CurrentSessionServlet.doGet(CurrentSessionServlet.java:63)
	at javax.servlet.http.HttpServlet.service(HttpServlet.java:689)
	at javax.servlet.http.HttpServlet.service(HttpServlet.java:802)
	at org.apache.catalina.core.ApplicationFilterChain.internalDoFilter(ApplicationFilterChain.java:237)
	at org.apache.catalina.core.ApplicationFilterChain.doFilter(ApplicationFilterChain.java:157)
	at org.apache.catalina.core.StandardWrapperValve.invoke(StandardWrapperValve.java:214)
	at org.apache.catalina.core.StandardValveContext.invokeNext(StandardValveContext.java:104)
	at org.apache.catalina.core.StandardPipeline.invoke(StandardPipeline.java:520)
	at org.apache.catalina.core.StandardContextValve.invokeInternal(StandardContextValve.java:198)
	at org.apache.catalina.core.StandardContextValve.invoke(StandardContextValve.java:144)
	at org.apache.catalina.core.StandardValveContext.invokeNext(StandardValveContext.java:104)
	at org.apache.catalina.core.StandardPipeline.invoke(StandardPipeline.java:520)
	at org.apache.catalina.core.StandardHostValve.invoke(StandardHostValve.java:137)
	at org.apache.catalina.core.StandardValveContext.invokeNext(StandardValveContext.java:104)
	at org.apache.catalina.valves.ErrorReportValve.invoke(ErrorReportValve.java:117)
	at org.apache.catalina.core.StandardValveContext.invokeNext(StandardValveContext.java:102)
	at org.apache.catalina.core.StandardPipeline.invoke(StandardPipeline.java:520)
	at org.apache.catalina.core.StandardEngineValve.invoke(StandardEngineValve.java:109)
	at org.apache.catalina.core.StandardValveContext.invokeNext(StandardValveContext.java:104)
	at org.apache.catalina.core.StandardPipeline.invoke(StandardPipeline.java:520)
	at org.apache.catalina.core.ContainerBase.invoke(ContainerBase.java:929)
	at org.apache.coyote.tomcat5.CoyoteAdapter.service(CoyoteAdapter.java:160)
	at org.apache.coyote.http11.Http11Processor.process(Http11Processor.java:799)
	at org.apache.coyote.http11.Http11Protocol$Http11ConnectionHandler.processConnection(Http11Protocol.java:705)
	at org.apache.tomcat.util.net.TcpWorkerThread.runIt(PoolTcpEndpoint.java:577)
	at org.apache.tomcat.util.threads.ThreadPool$ControlRunnable.run(ThreadPool.java:683)
	at java.lang.Thread.run(Thread.java:534)

2004-08-03 14:00:57 The session is null
java.lang.Exception: The client is null
	at br.ufpe.cin.stp.maps.view.web.CurrentSessionServlet.doGet(CurrentSessionServlet.java:63)
	at javax.servlet.http.HttpServlet.service(HttpServlet.java:689)
	at javax.servlet.http.HttpServlet.service(HttpServlet.java:802)
	at org.apache.catalina.core.ApplicationFilterChain.internalDoFilter(ApplicationFilterChain.java:237)
	at org.apache.catalina.core.ApplicationFilterChain.doFilter(ApplicationFilterChain.java:157)
	at org.apache.catalina.core.StandardWrapperValve.invoke(StandardWrapperValve.java:214)
	at org.apache.catalina.core.StandardValveContext.invokeNext(StandardValveContext.java:104)
	at org.apache.catalina.core.StandardPipeline.invoke(StandardPipeline.java:520)
	at org.apache.catalina.core.StandardContextValve.invokeInternal(StandardContextValve.java:198)
	at org.apache.catalina.core.StandardContextValve.invoke(StandardContextValve.java:144)
	at org.apache.catalina.core.StandardValveContext.invokeNext(StandardValveContext.java:104)
	at org.apache.catalina.core.StandardPipeline.invoke(StandardPipeline.java:520)
	at org.apache.catalina.core.StandardHostValve.invoke(StandardHostValve.java:137)
	at org.apache.catalina.core.StandardValveContext.invokeNext(StandardValveContext.java:104)
	at org.apache.catalina.valves.ErrorReportValve.invoke(ErrorReportValve.java:117)
	at org.apache.catalina.core.StandardValveContext.invokeNext(StandardValveContext.java:102)
	at org.apache.catalina.core.StandardPipeline.invoke(StandardPipeline.java:520)
	at org.apache.catalina.core.StandardEngineValve.invoke(StandardEngineValve.java:109)
	at org.apache.catalina.core.StandardValveContext.invokeNext(StandardValveContext.java:104)
	at org.apache.catalina.core.StandardPipeline.invoke(StandardPipeline.java:520)
	at org.apache.catalina.core.ContainerBase.invoke(ContainerBase.java:929)
	at org.apache.coyote.tomcat5.CoyoteAdapter.service(CoyoteAdapter.java:160)
	at org.apache.coyote.http11.Http11Processor.process(Http11Processor.java:799)
	at org.apache.coyote.http11.Http11Protocol$Http11ConnectionHandler.processConnection(Http11Protocol.java:705)
	at org.apache.tomcat.util.net.TcpWorkerThread.runIt(PoolTcpEndpoint.java:577)
	at org.apache.tomcat.util.threads.ThreadPool$ControlRunnable.run(ThreadPool.java:683)
	at java.lang.Thread.run(Thread.java:534)

2004-08-03 14:02:24 The session is null
java.lang.Exception: The client is Profile/MIDP-1.0 Configuration/CLDC-1.0
	at br.ufpe.cin.stp.maps.view.web.CurrentSessionServlet.doGet(CurrentSessionServlet.java:63)
	at javax.servlet.http.HttpServlet.service(HttpServlet.java:689)
	at javax.servlet.http.HttpServlet.service(HttpServlet.java:802)
	at org.apache.catalina.core.ApplicationFilterChain.internalDoFilter(ApplicationFilterChain.java:237)
	at org.apache.catalina.core.ApplicationFilterChain.doFilter(ApplicationFilterChain.java:157)
	at org.apache.catalina.core.StandardWrapperValve.invoke(StandardWrapperValve.java:214)
	at org.apache.catalina.core.StandardValveContext.invokeNext(StandardValveContext.java:104)
	at org.apache.catalina.core.StandardPipeline.invoke(StandardPipeline.java:520)
	at org.apache.catalina.core.StandardContextValve.invokeInternal(StandardContextValve.java:198)
	at org.apache.catalina.core.StandardContextValve.invoke(StandardContextValve.java:144)
	at org.apache.catalina.core.StandardValveContext.invokeNext(StandardValveContext.java:104)
	at org.apache.catalina.core.StandardPipeline.invoke(StandardPipeline.java:520)
	at org.apache.catalina.core.StandardHostValve.invoke(StandardHostValve.java:137)
	at org.apache.catalina.core.StandardValveContext.invokeNext(StandardValveContext.java:104)
	at org.apache.catalina.valves.ErrorReportValve.invoke(ErrorReportValve.java:117)
	at org.apache.catalina.core.StandardValveContext.invokeNext(StandardValveContext.java:102)
	at org.apache.catalina.core.StandardPipeline.invoke(StandardPipeline.java:520)
	at org.apache.catalina.core.StandardEngineValve.invoke(StandardEngineValve.java:109)
	at org.apache.catalina.core.StandardValveContext.invokeNext(StandardValveContext.java:104)
	at org.apache.catalina.core.StandardPipeline.invoke(StandardPipeline.java:520)
	at org.apache.catalina.core.ContainerBase.invoke(ContainerBase.java:929)
	at org.apache.coyote.tomcat5.CoyoteAdapter.service(CoyoteAdapter.java:160)
	at org.apache.coyote.http11.Http11Processor.process(Http11Processor.java:799)
	at org.apache.coyote.http11.Http11Protocol$Http11ConnectionHandler.processConnection(Http11Protocol.java:705)
	at org.apache.tomcat.util.net.TcpWorkerThread.runIt(PoolTcpEndpoint.java:577)
	at org.apache.tomcat.util.threads.ThreadPool$ControlRunnable.run(ThreadPool.java:683)
	at java.lang.Thread.run(Thread.java:534)

2004-08-03 14:04:15 The session is br.ufpe.cin.stp.maps.model.session.Pool@1fa681c
java.lang.Exception: The client is Mozilla/4.0 (compatible; MSIE 6.0; Windows NT 5.1; .NET CLR 1.1.4322)
	at br.ufpe.cin.stp.maps.view.web.CurrentSessionServlet.doGet(CurrentSessionServlet.java:63)
	at javax.servlet.http.HttpServlet.service(HttpServlet.java:689)
	at javax.servlet.http.HttpServlet.service(HttpServlet.java:802)
	at org.apache.catalina.core.ApplicationFilterChain.internalDoFilter(ApplicationFilterChain.java:237)
	at org.apache.catalina.core.ApplicationFilterChain.doFilter(ApplicationFilterChain.java:157)
	at org.apache.catalina.core.StandardWrapperValve.invoke(StandardWrapperValve.java:214)
	at org.apache.catalina.core.StandardValveContext.invokeNext(StandardValveContext.java:104)
	at org.apache.catalina.core.StandardPipeline.invoke(StandardPipeline.java:520)
	at org.apache.catalina.core.StandardContextValve.invokeInternal(StandardContextValve.java:198)
	at org.apache.catalina.core.StandardContextValve.invoke(StandardContextValve.java:144)
	at org.apache.catalina.core.StandardValveContext.invokeNext(StandardValveContext.java:104)
	at org.apache.catalina.core.StandardPipeline.invoke(StandardPipeline.java:520)
	at org.apache.catalina.core.StandardHostValve.invoke(StandardHostValve.java:137)
	at org.apache.catalina.core.StandardValveContext.invokeNext(StandardValveContext.java:104)
	at org.apache.catalina.valves.ErrorReportValve.invoke(ErrorReportValve.java:117)
	at org.apache.catalina.core.StandardValveContext.invokeNext(StandardValveContext.java:102)
	at org.apache.catalina.core.StandardPipeline.invoke(StandardPipeline.java:520)
	at org.apache.catalina.core.StandardEngineValve.invoke(StandardEngineValve.java:109)
	at org.apache.catalina.core.StandardValveContext.invokeNext(StandardValveContext.java:104)
	at org.apache.catalina.core.StandardPipeline.invoke(StandardPipeline.java:520)
	at org.apache.catalina.core.ContainerBase.invoke(ContainerBase.java:929)
	at org.apache.coyote.tomcat5.CoyoteAdapter.service(CoyoteAdapter.java:160)
	at org.apache.coyote.http11.Http11Processor.process(Http11Processor.java:799)
	at org.apache.coyote.http11.Http11Protocol$Http11ConnectionHandler.processConnection(Http11Protocol.java:705)
	at org.apache.tomcat.util.net.TcpWorkerThread.runIt(PoolTcpEndpoint.java:577)
	at org.apache.tomcat.util.threads.ThreadPool$ControlRunnable.run(ThreadPool.java:683)
	at java.lang.Thread.run(Thread.java:534)

2004-08-03 14:04:16 The session is br.ufpe.cin.stp.maps.model.session.Pool@1fa681c
java.lang.Exception: The client is Mozilla/4.0 (compatible; MSIE 6.0; Windows NT 5.1; .NET CLR 1.1.4322)
	at br.ufpe.cin.stp.maps.view.web.CurrentSessionServlet.doGet(CurrentSessionServlet.java:63)
	at javax.servlet.http.HttpServlet.service(HttpServlet.java:689)
	at javax.servlet.http.HttpServlet.service(HttpServlet.java:802)
	at org.apache.catalina.core.ApplicationFilterChain.internalDoFilter(ApplicationFilterChain.java:237)
	at org.apache.catalina.core.ApplicationFilterChain.doFilter(ApplicationFilterChain.java:157)
	at org.apache.catalina.core.StandardWrapperValve.invoke(StandardWrapperValve.java:214)
	at org.apache.catalina.core.StandardValveContext.invokeNext(StandardValveContext.java:104)
	at org.apache.catalina.core.StandardPipeline.invoke(StandardPipeline.java:520)
	at org.apache.catalina.core.StandardContextValve.invokeInternal(StandardContextValve.java:198)
	at org.apache.catalina.core.StandardContextValve.invoke(StandardContextValve.java:144)
	at org.apache.catalina.core.StandardValveContext.invokeNext(StandardValveContext.java:104)
	at org.apache.catalina.core.StandardPipeline.invoke(StandardPipeline.java:520)
	at org.apache.catalina.core.StandardHostValve.invoke(StandardHostValve.java:137)
	at org.apache.catalina.core.StandardValveContext.invokeNext(StandardValveContext.java:104)
	at org.apache.catalina.valves.ErrorReportValve.invoke(ErrorReportValve.java:117)
	at org.apache.catalina.core.StandardValveContext.invokeNext(StandardValveContext.java:102)
	at org.apache.catalina.core.StandardPipeline.invoke(StandardPipeline.java:520)
	at org.apache.catalina.core.StandardEngineValve.invoke(StandardEngineValve.java:109)
	at org.apache.catalina.core.StandardValveContext.invokeNext(StandardValveContext.java:104)
	at org.apache.catalina.core.StandardPipeline.invoke(StandardPipeline.java:520)
	at org.apache.catalina.core.ContainerBase.invoke(ContainerBase.java:929)
	at org.apache.coyote.tomcat5.CoyoteAdapter.service(CoyoteAdapter.java:160)
	at org.apache.coyote.http11.Http11Processor.process(Http11Processor.java:799)
	at org.apache.coyote.http11.Http11Protocol$Http11ConnectionHandler.processConnection(Http11Protocol.java:705)
	at org.apache.tomcat.util.net.TcpWorkerThread.runIt(PoolTcpEndpoint.java:577)
	at org.apache.tomcat.util.threads.ThreadPool$ControlRunnable.run(ThreadPool.java:683)
	at java.lang.Thread.run(Thread.java:534)

2004-08-03 14:04:16 The session is br.ufpe.cin.stp.maps.model.session.Pool@1fa681c
java.lang.Exception: The client is Mozilla/4.0 (compatible; MSIE 6.0; Windows NT 5.1; .NET CLR 1.1.4322)
	at br.ufpe.cin.stp.maps.view.web.CurrentSessionServlet.doGet(CurrentSessionServlet.java:63)
	at javax.servlet.http.HttpServlet.service(HttpServlet.java:689)
	at javax.servlet.http.HttpServlet.service(HttpServlet.java:802)
	at org.apache.catalina.core.ApplicationFilterChain.internalDoFilter(ApplicationFilterChain.java:237)
	at org.apache.catalina.core.ApplicationFilterChain.doFilter(ApplicationFilterChain.java:157)
	at org.apache.catalina.core.StandardWrapperValve.invoke(StandardWrapperValve.java:214)
	at org.apache.catalina.core.StandardValveContext.invokeNext(StandardValveContext.java:104)
	at org.apache.catalina.core.StandardPipeline.invoke(StandardPipeline.java:520)
	at org.apache.catalina.core.StandardContextValve.invokeInternal(StandardContextValve.java:198)
	at org.apache.catalina.core.StandardContextValve.invoke(StandardContextValve.java:144)
	at org.apache.catalina.core.StandardValveContext.invokeNext(StandardValveContext.java:104)
	at org.apache.catalina.core.StandardPipeline.invoke(StandardPipeline.java:520)
	at org.apache.catalina.core.StandardHostValve.invoke(StandardHostValve.java:137)
	at org.apache.catalina.core.StandardValveContext.invokeNext(StandardValveContext.java:104)
	at org.apache.catalina.valves.ErrorReportValve.invoke(ErrorReportValve.java:117)
	at org.apache.catalina.core.StandardValveContext.invokeNext(StandardValveContext.java:102)
	at org.apache.catalina.core.StandardPipeline.invoke(StandardPipeline.java:520)
	at org.apache.catalina.core.StandardEngineValve.invoke(StandardEngineValve.java:109)
	at org.apache.catalina.core.StandardValveContext.invokeNext(StandardValveContext.java:104)
	at org.apache.catalina.core.StandardPipeline.invoke(StandardPipeline.java:520)
	at org.apache.catalina.core.ContainerBase.invoke(ContainerBase.java:929)
	at org.apache.coyote.tomcat5.CoyoteAdapter.service(CoyoteAdapter.java:160)
	at org.apache.coyote.http11.Http11Processor.process(Http11Processor.java:799)
	at org.apache.coyote.http11.Http11Protocol$Http11ConnectionHandler.processConnection(Http11Protocol.java:705)
	at org.apache.tomcat.util.net.TcpWorkerThread.runIt(PoolTcpEndpoint.java:577)
	at org.apache.tomcat.util.threads.ThreadPool$ControlRunnable.run(ThreadPool.java:683)
	at java.lang.Thread.run(Thread.java:534)

2004-08-03 14:05:01 The session is null
java.lang.Exception: The client is Profile/MIDP-1.0 Configuration/CLDC-1.0
	at br.ufpe.cin.stp.maps.view.web.CurrentSessionServlet.doGet(CurrentSessionServlet.java:63)
	at javax.servlet.http.HttpServlet.service(HttpServlet.java:689)
	at javax.servlet.http.HttpServlet.service(HttpServlet.java:802)
	at org.apache.catalina.core.ApplicationFilterChain.internalDoFilter(ApplicationFilterChain.java:237)
	at org.apache.catalina.core.ApplicationFilterChain.doFilter(ApplicationFilterChain.java:157)
	at org.apache.catalina.core.StandardWrapperValve.invoke(StandardWrapperValve.java:214)
	at org.apache.catalina.core.StandardValveContext.invokeNext(StandardValveContext.java:104)
	at org.apache.catalina.core.StandardPipeline.invoke(StandardPipeline.java:520)
	at org.apache.catalina.core.StandardContextValve.invokeInternal(StandardContextValve.java:198)
	at org.apache.catalina.core.StandardContextValve.invoke(StandardContextValve.java:144)
	at org.apache.catalina.core.StandardValveContext.invokeNext(StandardValveContext.java:104)
	at org.apache.catalina.core.StandardPipeline.invoke(StandardPipeline.java:520)
	at org.apache.catalina.core.StandardHostValve.invoke(StandardHostValve.java:137)
	at org.apache.catalina.core.StandardValveContext.invokeNext(StandardValveContext.java:104)
	at org.apache.catalina.valves.ErrorReportValve.invoke(ErrorReportValve.java:117)
	at org.apache.catalina.core.StandardValveContext.invokeNext(StandardValveContext.java:102)
	at org.apache.catalina.core.StandardPipeline.invoke(StandardPipeline.java:520)
	at org.apache.catalina.core.StandardEngineValve.invoke(StandardEngineValve.java:109)
	at org.apache.catalina.core.StandardValveContext.invokeNext(StandardValveContext.java:104)
	at org.apache.catalina.core.StandardPipeline.invoke(StandardPipeline.java:520)
	at org.apache.catalina.core.ContainerBase.invoke(ContainerBase.java:929)
	at org.apache.coyote.tomcat5.CoyoteAdapter.service(CoyoteAdapter.java:160)
	at org.apache.coyote.http11.Http11Processor.process(Http11Processor.java:799)
	at org.apache.coyote.http11.Http11Protocol$Http11ConnectionHandler.processConnection(Http11Protocol.java:705)
	at org.apache.tomcat.util.net.TcpWorkerThread.runIt(PoolTcpEndpoint.java:577)
	at org.apache.tomcat.util.threads.ThreadPool$ControlRunnable.run(ThreadPool.java:683)
	at java.lang.Thread.run(Thread.java:534)

